<?xml version="1.0" encoding="UTF-8"?>
<!-- Generated by org.testng.reporters.JUnitReportReporter -->
<testsuite skipped="0" hostname="HARSHITA" name="multipleWindow.HandlingMultipleWindow" tests="1" failures="0" timestamp="25 Sep 2018 22:32:16 GMT" time="15.477" errors="0">
  <testcase name="TestPopUp" time="15.477" classname="multipleWindow.HandlingMultipleWindow"/>
</testsuite> <!-- multipleWindow.HandlingMultipleWindow -->
